  Camera.cpp
  Enemy.cpp
C:\Users\川﨑美琴\Documents\GitHub\01.PersonalWork\Tomasyu\Projects\Object\Enemy.cpp(363,64): warning C4267: '引数': 'size_t' から '_Ty' に変換しました。データが失われているかもしれません。
          with
          [
              _Ty=int
          ]
  Item.cpp
C:\Program Files\Microsoft Visual Studio\2022\Community\VC\Tools\MSVC\14.34.31933\include\xutility(231,77): warning C4244: '引数': 'const float' から 'int' への変換です。データが失われる可能性があります。
C:\Program Files\Microsoft Visual Studio\2022\Community\VC\Tools\MSVC\14.34.31933\include\memory(2023,1): message : コンパイル対象の関数 テンプレート インスタンス化 'void std::_Construct_in_place<_Ty,const float&>(_Ty &,const float &) noexcept(false)' のリファレンスを確認してください
          with
          [
              _Ty=IsTime
          ]
C:\Program Files\Microsoft Visual Studio\2022\Community\VC\Tools\MSVC\14.34.31933\include\memory(2703,36): message : コンパイル対象の関数 テンプレート インスタンス化 'std::_Ref_count_obj2<IsTime>::_Ref_count_obj2<const float&>(const float &)' のリファレンスを確認してください
C:\Program Files\Microsoft Visual Studio\2022\Community\VC\Tools\MSVC\14.34.31933\include\memory(2704,20): message : コンパイル対象の関数 テンプレート インスタンス化 'std::_Ref_count_obj2<IsTime>::_Ref_count_obj2<const float&>(const float &)' のリファレンスを確認してください
C:\Users\川﨑美琴\Documents\GitHub\01.PersonalWork\Tomasyu\Projects\Object\Item.cpp(71,65): message : コンパイル対象の関数 テンプレート インスタンス化 'std::shared_ptr<IsTime> std::make_shared<IsTime,const float&>(const float &)' のリファレンスを確認してください
  Player.cpp
  Shot.cpp
  SceneDebug.cpp
  SceneGame.cpp
  SceneSelect.cpp
  UISceneGame.cpp
  LoadCsv.cpp
  Score.cpp
  コード生成しています。
  160 of 3214 functions ( 5.0%) were compiled, the rest were copied from previous compilation.
    16 functions were new in current compilation
    24 functions had inline decision re-evaluated but remain unchanged
  コード生成が終了しました。
  Tomasyu.vcxproj -> C:\Users\川﨑美琴\Documents\GitHub\01.PersonalWork\Tomasyu\Projects\x64\Release\Tomasyu.exe
