c:\users\owner\documents\github\01,personalproduction\tomasyu\projects_チュートリアル\tomasyu\x64\debug\vc143.pdb
c:\users\owner\documents\github\01,personalproduction\tomasyu\projects_チュートリアル\tomasyu\x64\debug\vc143.idb
c:\users\owner\documents\github\01,personalproduction\tomasyu\projects_チュートリアル\tomasyu\x64\debug\player.obj
c:\users\owner\documents\github\01,personalproduction\tomasyu\projects_チュートリアル\tomasyu\x64\debug\modelbase.obj
c:\users\owner\documents\github\01,personalproduction\tomasyu\projects_チュートリアル\tomasyu\x64\debug\map.obj
c:\users\owner\documents\github\01,personalproduction\tomasyu\projects_チュートリアル\tomasyu\x64\debug\item.obj
c:\users\owner\documents\github\01,personalproduction\tomasyu\projects_チュートリアル\tomasyu\x64\debug\enemy.obj
c:\users\owner\documents\github\01,personalproduction\tomasyu\projects_チュートリアル\tomasyu\x64\debug\camera.obj
c:\users\owner\documents\github\01,personalproduction\tomasyu\projects_チュートリアル\tomasyu\x64\debug\soundmanager.obj
c:\users\owner\documents\github\01,personalproduction\tomasyu\projects_チュートリアル\tomasyu\x64\debug\scenemanager.obj
c:\users\owner\documents\github\01,personalproduction\tomasyu\projects_チュートリアル\tomasyu\x64\debug\main.obj
c:\users\owner\documents\github\01,personalproduction\tomasyu\projects_チュートリアル\tomasyu\x64\debug\loadcsv.obj
c:\users\owner\documents\github\01,personalproduction\tomasyu\projects_チュートリアル\tomasyu\x64\debug\input.obj
c:\users\owner\documents\github\01,personalproduction\tomasyu\projects_チュートリアル\tomasyu\x64\debug\fade.obj
c:\users\owner\documents\github\01,personalproduction\tomasyu\projects_チュートリアル\tomasyu\x64\debug\effect.obj
c:\users\owner\documents\github\01,personalproduction\tomasyu\projects_チュートリアル\tomasyu\x64\debug\collision.obj
c:\users\owner\documents\github\01,personalproduction\tomasyu\projects_チュートリアル\tomasyu\x64\debug\score.obj
c:\users\owner\documents\github\01,personalproduction\tomasyu\projects_チュートリアル\tomasyu\x64\debug\rankingdata.obj
c:\users\owner\documents\github\01,personalproduction\tomasyu\projects_チュートリアル\tomasyu\x64\debug\titleplayer.obj
c:\users\owner\documents\github\01,personalproduction\tomasyu\projects_チュートリアル\tomasyu\x64\debug\titlecamera.obj
c:\users\owner\documents\github\01,personalproduction\tomasyu\projects_チュートリアル\tomasyu\x64\debug\miniwindow.obj
c:\users\owner\documents\github\01,personalproduction\tomasyu\projects_チュートリアル\tomasyu\x64\debug\uiscenegame.obj
c:\users\owner\documents\github\01,personalproduction\tomasyu\projects_チュートリアル\tomasyu\x64\debug\time.obj
c:\users\owner\documents\github\01,personalproduction\tomasyu\projects_チュートリアル\tomasyu\x64\debug\istime.obj
c:\users\owner\documents\github\01,personalproduction\tomasyu\projects_チュートリアル\tomasyu\x64\debug\scenetitle.obj
c:\users\owner\documents\github\01,personalproduction\tomasyu\projects_チュートリアル\tomasyu\x64\debug\sceneranking.obj
c:\users\owner\documents\github\01,personalproduction\tomasyu\projects_チュートリアル\tomasyu\x64\debug\sceneoption.obj
c:\users\owner\documents\github\01,personalproduction\tomasyu\projects_チュートリアル\tomasyu\x64\debug\scenegame.obj
c:\users\owner\documents\github\01,personalproduction\tomasyu\projects_チュートリアル\tomasyu\x64\debug\sceneexplanation.obj
c:\users\owner\documents\github\01,personalproduction\tomasyu\projects_チュートリアル\tomasyu\x64\debug\scenebase.obj
c:\users\owner\documents\github\01,personalproduction\tomasyu\projects_チュートリアル\tomasyu\x64\debug\shot.obj
c:\users\owner\documents\github\01,personalproduction\tomasyu\projects_チュートリアル\tomasyu\x64\debug\tomasyu.tlog\cl.command.1.tlog
c:\users\owner\documents\github\01,personalproduction\tomasyu\projects_チュートリアル\tomasyu\x64\debug\tomasyu.tlog\cl.read.1.tlog
c:\users\owner\documents\github\01,personalproduction\tomasyu\projects_チュートリアル\tomasyu\x64\debug\tomasyu.tlog\cl.write.1.tlog
