  RankingData.cpp
  Score.cpp
  Collision.cpp
  Effect.cpp
  Fade.cpp
  Input.cpp
  LoadCsv.cpp
  Main.cpp
  SceneManager.cpp
  SoundManager.cpp
  Camera.cpp
  Enemy.cpp
C:\Users\fko2347059\Documents\GitHub\WorkData\01,Individual\Tomasyu\Projects\Object\Enemy.cpp(357,61): warning C4267: '引数': 'size_t' から '_Ty' に変換しました。データが失われているかもしれません。
C:\Users\fko2347059\Documents\GitHub\WorkData\01,Individual\Tomasyu\Projects\Object\Enemy.cpp(357,61): warning C4267:         with
C:\Users\fko2347059\Documents\GitHub\WorkData\01,Individual\Tomasyu\Projects\Object\Enemy.cpp(357,61): warning C4267:         [
C:\Users\fko2347059\Documents\GitHub\WorkData\01,Individual\Tomasyu\Projects\Object\Enemy.cpp(357,61): warning C4267:             _Ty=int
C:\Users\fko2347059\Documents\GitHub\WorkData\01,Individual\Tomasyu\Projects\Object\Enemy.cpp(357,61): warning C4267:         ]
  Item.cpp
C:\Program Files\Microsoft Visual Studio\2022\Community\VC\Tools\MSVC\14.42.34433\include\xutility(406,82): warning C4244: '引数': 'const float' から 'int' への変換です。データが失われる可能性があります。
  (ソース ファイル 'Object/Item.cpp' をコンパイルしています)
      C:\Program Files\Microsoft Visual Studio\2022\Community\VC\Tools\MSVC\14.42.34433\include\xutility(406,82):
      テンプレートインスタンス化コンテキスト (最初に最も古いもの) は
          C:\Users\fko2347059\Documents\GitHub\WorkData\01,Individual\Tomasyu\Projects\Object\Item.cpp(72,29):
          コンパイル対象の関数 テンプレート インスタンス化 'std::shared_ptr<IsTime> std::make_shared<IsTime,const float&>(const float &)' のリファレンスを確認してください
          C:\Program Files\Microsoft Visual Studio\2022\Community\VC\Tools\MSVC\14.42.34433\include\memory(2906,46):
          コンパイル対象の関数 テンプレート インスタンス化 'std::_Ref_count_obj2<IsTime>::_Ref_count_obj2<const float&>(const float &)' のリファレンスを確認してください
          C:\Program Files\Microsoft Visual Studio\2022\Community\VC\Tools\MSVC\14.42.34433\include\memory(2095,18):
          コンパイル対象の関数 テンプレート インスタンス化 'void std::_Construct_in_place<_Ty,const float&>(_Ty &,const float &) noexcept(false)' のリファレンスを確認してください
          with
          [
              _Ty=IsTime
          ]
  
  Map.cpp
  ModelBase.cpp
  Player.cpp
  Shot.cpp
  SceneBase.cpp
  SceneDebug.cpp
  SceneExplanation.cpp
  コードを生成中...
  コンパイル中...
  SceneGame.cpp
  SceneOption.cpp
  SceneRanking.cpp
  SceneSelect.cpp
  SceneTitle.cpp
  IsTime.cpp
  Time.cpp
  UISceneGame.cpp
  コードを生成中...
  Tomasyu.vcxproj -> C:\Users\fko2347059\Documents\GitHub\WorkData\01,Individual\Tomasyu\Projects\x64\Debug\Tomasyu.exe
