c:\users\fko2347059\documents\github\workdata\01,individual\tomasyu\projects\tomasyu\x64\release\vc143.pdb
c:\users\fko2347059\documents\github\workdata\01,individual\tomasyu\projects\tomasyu\x64\release\sceneexplanation.obj
c:\users\fko2347059\documents\github\workdata\01,individual\tomasyu\projects\tomasyu\x64\release\scenedebug.obj
c:\users\fko2347059\documents\github\workdata\01,individual\tomasyu\projects\tomasyu\x64\release\scenebase.obj
c:\users\fko2347059\documents\github\workdata\01,individual\tomasyu\projects\tomasyu\x64\release\shot.obj
c:\users\fko2347059\documents\github\workdata\01,individual\tomasyu\projects\tomasyu\x64\release\player.obj
c:\users\fko2347059\documents\github\workdata\01,individual\tomasyu\projects\tomasyu\x64\release\modelbase.obj
c:\users\fko2347059\documents\github\workdata\01,individual\tomasyu\projects\tomasyu\x64\release\map.obj
c:\users\fko2347059\documents\github\workdata\01,individual\tomasyu\projects\tomasyu\x64\release\item.obj
c:\users\fko2347059\documents\github\workdata\01,individual\tomasyu\projects\tomasyu\x64\release\enemy.obj
c:\users\fko2347059\documents\github\workdata\01,individual\tomasyu\projects\tomasyu\x64\release\soundmanager.obj
c:\users\fko2347059\documents\github\workdata\01,individual\tomasyu\projects\tomasyu\x64\release\scenemanager.obj
c:\users\fko2347059\documents\github\workdata\01,individual\tomasyu\projects\tomasyu\x64\release\main.obj
c:\users\fko2347059\documents\github\workdata\01,individual\tomasyu\projects\tomasyu\x64\release\loadcsv.obj
c:\users\fko2347059\documents\github\workdata\01,individual\tomasyu\projects\tomasyu\x64\release\input.obj
c:\users\fko2347059\documents\github\workdata\01,individual\tomasyu\projects\tomasyu\x64\release\fade.obj
c:\users\fko2347059\documents\github\workdata\01,individual\tomasyu\projects\tomasyu\x64\release\effect.obj
c:\users\fko2347059\documents\github\workdata\01,individual\tomasyu\projects\tomasyu\x64\release\collision.obj
c:\users\fko2347059\documents\github\workdata\01,individual\tomasyu\projects\tomasyu\x64\release\uiscenegame.obj
c:\users\fko2347059\documents\github\workdata\01,individual\tomasyu\projects\tomasyu\x64\release\time.obj
c:\users\fko2347059\documents\github\workdata\01,individual\tomasyu\projects\tomasyu\x64\release\istime.obj
c:\users\fko2347059\documents\github\workdata\01,individual\tomasyu\projects\tomasyu\x64\release\scenetitle.obj
c:\users\fko2347059\documents\github\workdata\01,individual\tomasyu\projects\tomasyu\x64\release\sceneselect.obj
c:\users\fko2347059\documents\github\workdata\01,individual\tomasyu\projects\tomasyu\x64\release\sceneranking.obj
c:\users\fko2347059\documents\github\workdata\01,individual\tomasyu\projects\tomasyu\x64\release\sceneoption.obj
c:\users\fko2347059\documents\github\workdata\01,individual\tomasyu\projects\tomasyu\x64\release\scenegame.obj
c:\users\fko2347059\documents\github\workdata\01,individual\tomasyu\projects\tomasyu\x64\release\titlecamera.obj
c:\users\fko2347059\documents\github\workdata\01,individual\tomasyu\projects\tomasyu\x64\release\miniwindow.obj
c:\users\fko2347059\documents\github\workdata\01,individual\tomasyu\projects\x64\release\tomasyu.exe
c:\users\fko2347059\documents\github\workdata\01,individual\tomasyu\projects\x64\release\tomasyu.pdb
c:\users\fko2347059\documents\github\workdata\01,individual\tomasyu\projects\tomasyu\x64\release\tomasyu.ipdb
c:\users\fko2347059\documents\github\workdata\01,individual\tomasyu\projects\tomasyu\x64\release\tomasyu.iobj
c:\users\fko2347059\documents\github\workdata\01,individual\tomasyu\projects\tomasyu\x64\release\camera.obj
c:\users\fko2347059\documents\github\workdata\01,individual\tomasyu\projects\tomasyu\x64\release\rankingdata.obj
c:\users\fko2347059\documents\github\workdata\01,individual\tomasyu\projects\tomasyu\x64\release\score.obj
c:\users\fko2347059\documents\github\workdata\01,individual\tomasyu\projects\tomasyu\x64\release\tomasyu.tlog\cl.command.1.tlog
c:\users\fko2347059\documents\github\workdata\01,individual\tomasyu\projects\tomasyu\x64\release\tomasyu.tlog\cl.items.tlog
c:\users\fko2347059\documents\github\workdata\01,individual\tomasyu\projects\tomasyu\x64\release\tomasyu.tlog\cl.read.1.tlog
c:\users\fko2347059\documents\github\workdata\01,individual\tomasyu\projects\tomasyu\x64\release\tomasyu.tlog\cl.write.1.tlog
c:\users\fko2347059\documents\github\workdata\01,individual\tomasyu\projects\tomasyu\x64\release\tomasyu.tlog\link.command.1.tlog
c:\users\fko2347059\documents\github\workdata\01,individual\tomasyu\projects\tomasyu\x64\release\tomasyu.tlog\link.read.1.tlog
c:\users\fko2347059\documents\github\workdata\01,individual\tomasyu\projects\tomasyu\x64\release\tomasyu.tlog\link.secondary.1.tlog
c:\users\fko2347059\documents\github\workdata\01,individual\tomasyu\projects\tomasyu\x64\release\tomasyu.tlog\link.write.1.tlog
